{"name": "Проверка ошибки на валидацию поля \"* Адрес: куда привезти заказ\"", "status": "failed", "statusDetails": {"message": "AssertionError: нет ошибки о валидации поля адреса \nassert '' == 'Введите корректный адрес'\n  - Введите корректный адрес", "trace": "self = <test_order_page.TestOrderPage object at 0x102cc8850>, browser = <selenium.webdriver.firefox.webdriver.WebDriver (session=\"ea24bff8-51b1-41a1-8c51-e027c4a064c4\")>\n\n    @allure.title('Проверка ошибки на валидацию поля \"* Адрес: куда привезти заказ\"')\n    @allure.description('Оставить поле \"* Адрес: куда привезти заказ\" пустым и кликнуть \"Далее\"')\n    def test_validate_error_by_input_delivery_address(self, browser):\n        order_page = OrderPage(browser)\n        order_page.open_order_url()\n        order_page.click_on_button_forward_for_validate_error(browser)\n>       assert order_page.find_text(OrderPageLocators.VALIDATE_ERROR_DELIVERY_ADDRESS) == ExT.messege_validate_delivery_address,  'нет ошибки о валидации' \\\n                                                                                                                            ' поля адреса '\nE       AssertionError: нет ошибки о валидации поля адреса \nE       assert '' == 'Введите корректный адрес'\nE         - Введите корректный адрес\n\ntests/test_order_page.py:45: AssertionError"}, "description": "Оставить поле \"* Адрес: куда привезти заказ\" пустым и кликнуть \"Далее\"", "steps": [{"name": "Открыть страницу заказа", "status": "passed", "start": 1689621576366, "stop": 1689621578199}, {"name": "Кликнуть на кнопку \"Далее\" не заполняя поля ", "status": "passed", "parameters": [{"name": "browser", "value": "<selenium.webdriver.firefox.webdriver.WebDriver (session=\"ea24bff8-51b1-41a1-8c51-e027c4a064c4\")>"}], "start": 1689621578199, "stop": 1689621578449}], "start": 1689621576366, "stop": 1689621578475, "uuid": "93be0324-989c-4e3a-9501-3a23704afab3", "historyId": "7786345a741afd701a896b84acf8253b", "testCaseId": "7786345a741afd701a896b84acf8253b", "fullName": "tests.test_order_page.TestOrderPage#test_validate_error_by_input_delivery_address", "labels": [{"name": "feature", "value": "Действия на странице заказа \"Для кого самокат\" "}, {"name": "parentSuite", "value": "tests"}, {"name": "suite", "value": "test_order_page"}, {"name": "subSuite", "value": "TestOrderPage"}, {"name": "host", "value": "MacBook-Pro-Kirill.local"}, {"name": "thread", "value": "80307-MainThread"}, {"name": "framework", "value": "pytest"}, {"name": "language", "value": "cpython3"}, {"name": "package", "value": "tests.test_order_page"}]}